\BOOKMARK [0][-]{frontpage.0}{\376\377\000F\000r\000o\000n\000t\000\040\000p\000a\000g\000e}{}% 1
\BOOKMARK [0][-]{titlepage.0}{\376\377\000T\000i\000t\000l\000e\000\040\000p\000a\000g\000e}{}% 2
\BOOKMARK [0][-]{chapter*.1}{\376\377\000P\000r\000e\000f\000a\000c\000e}{}% 3
\BOOKMARK [0][-]{contents.0}{\376\377\000C\000o\000n\000t\000e\000n\000t\000s}{}% 4
\BOOKMARK [0][-]{chapter*.3}{\376\377\000N\000o\000t\000a\000t\000i\000o\000n\000\040\000a\000n\000d\000\040\000S\000h\000o\000r\000t\000h\000a\000n\000d\000s}{}% 5
\BOOKMARK [0][-]{chapter*.8}{\376\377\000I\000n\000t\000r\000o\000d\000u\000c\000t\000i\000o\000n}{}% 6
\BOOKMARK [0][-]{chapter.1}{\376\377\000E\000r\000r\000o\000r\000\040\000C\000o\000r\000r\000e\000c\000t\000i\000n\000g\000\040\000C\000o\000d\000e\000s}{}% 7
\BOOKMARK [1][-]{section.1.1}{\376\377\000T\000r\000a\000n\000s\000m\000i\000s\000s\000i\000o\000n\000\040\000a\000n\000d\000\040\000N\000e\000a\000r\000e\000s\000t\000\040\000N\000e\000i\000g\000h\000b\000o\000u\000r\000\040\000D\000e\000c\000o\000d\000i\000n\000g}{chapter.1}% 8
\BOOKMARK [1][-]{section.1.2}{\376\377\000B\000o\000u\000n\000d\000s\000\040\000o\000n\000\040\000t\000h\000e\000\040\000P\000a\000r\000a\000m\000e\000t\000e\000r\000s\000\040\000o\000f\000\040\000L\000i\000n\000e\000a\000r\000\040\000C\000o\000d\000e\000s}{chapter.1}% 9
\BOOKMARK [2][-]{subsection.1.2.1}{\376\377\000T\000h\000e\000\040\000A\000s\000s\000y\000m\000p\000t\000o\000t\000i\000c\000\040\000G\000i\000l\000b\000e\000r\000t\000-\000V\000a\000r\000s\000h\000a\000m\000o\000v\000\040\000B\000o\000u\000n\000d}{section.1.2}% 10
\BOOKMARK [0][-]{chapter.2}{\376\377\000A\000l\000g\000e\000b\000r\000a\000i\000c\000\040\000G\000e\000o\000m\000e\000t\000r\000y}{}% 11
\BOOKMARK [1][-]{section.2.1}{\376\377\000A\000l\000g\000e\000b\000r\000a\000i\000c\000\040\000P\000r\000e\000l\000e\000m\000i\000n\000a\000r\000i\000e\000s}{chapter.2}% 12
\BOOKMARK [2][-]{subsection.2.1.1}{\376\377\000M\000u\000l\000t\000i\000v\000a\000r\000i\000a\000t\000e\000\040\000P\000o\000l\000y\000n\000o\000m\000i\000a\000l\000s}{section.2.1}% 13
\BOOKMARK [2][-]{subsection.2.1.2}{\376\377\000N\000o\000e\000t\000h\000e\000r\000i\000a\000n\000\040\000R\000i\000n\000g\000s\000\040\000a\000n\000d\000\040\000H\000i\000l\000b\000e\000r\000t\000\040\000B\000a\000s\000i\000s\000\040\000T\000h\000e\000o\000r\000e\000m}{section.2.1}% 14
\BOOKMARK [1][-]{section.2.2}{\376\377\000A\000l\000g\000e\000b\000r\000a\000i\000c\000\040\000G\000e\000o\000m\000e\000t\000r\000y}{chapter.2}% 15
\BOOKMARK [2][-]{subsection.2.2.1}{\376\377\000V\000a\000n\000i\000s\000h\000i\000n\000g\000\040\000I\000d\000e\000a\000l\000s\000\040\000a\000n\000d\000\040\000H\000i\000l\000b\000e\000r\000t\000s\000\040\000N\000u\000l\000l\000s\000t\000e\000l\000l\000e\000n\000s\000a\000t\000z}{section.2.2}% 16
\BOOKMARK [2][-]{subsection.2.2.2}{\376\377\000P\000r\000o\000j\000e\000c\000t\000i\000v\000e\000\040\000S\000p\000a\000c\000e\000s}{section.2.2}% 17
\BOOKMARK [2][-]{subsection.2.2.3}{\376\377\000A\000f\000f\000i\000n\000e\000\040\000a\000n\000d\000\040\000P\000r\000o\000j\000e\000c\000t\000i\000v\000e\000\040\000V\000a\000r\000a\000r\000i\000t\000i\000e\000s}{section.2.2}% 18
\BOOKMARK [2][-]{subsection.2.2.4}{\376\377\000L\000o\000c\000a\000l\000\040\000a\000n\000d\000\040\000D\000i\000s\000c\000r\000e\000t\000e\000\040\000V\000a\000l\000u\000a\000t\000i\000o\000n\000\040\000R\000i\000n\000g\000s}{section.2.2}% 19
\BOOKMARK [1][-]{section.2.3}{\376\377\000A\000l\000g\000e\000b\000r\000a\000i\000c\000\040\000P\000l\000a\000n\000e\000\040\000C\000u\000r\000v\000e\000s}{chapter.2}% 20
\BOOKMARK [2][-]{subsection.2.3.1}{\376\377\000B\000\351\000z\000o\000u\000t\040\031\000s\000\040\000T\000h\000e\000o\000r\000e\000m\000\040\000a\000n\000d\000\040\000I\000t\000'\000s\000\040\000A\000p\000p\000l\000i\000c\000a\000t\000i\000o\000n\000s}{section.2.3}% 21
\BOOKMARK [2][-]{subsection.2.3.2}{\376\377\000D\000i\000v\000i\000s\000o\000r\000s\000\040\000a\000n\000d\000\040\000t\000h\000e\000\040\000R\000e\000i\000m\000a\000n\000n\000\040\000R\000o\000c\000h\000\040\000T\000h\000e\000o\000r\000e\000m}{section.2.3}% 22
\BOOKMARK [0][-]{chapter.3}{\376\377\000A\000l\000g\000e\000b\000r\000a\000i\000c\000\040\000G\000e\000o\000m\000e\000t\000r\000y\000\040\000C\000o\000d\000e\000s}{}% 23
\BOOKMARK [1][-]{section.3.1}{\376\377\000C\000o\000d\000e\000s\000\040\000C\000o\000n\000s\000t\000r\000u\000c\000t\000e\000d\000\040\000o\000n\000\040\000A\000f\000f\000i\000n\000e\000\040\000P\000l\000a\000n\000e\000\040\000C\000u\000r\000v\000e\000s}{chapter.3}% 24
\BOOKMARK [1][-]{section.3.2}{\376\377\000G\000o\000p\000p\000a\000\040\000C\000o\000d\000e\000s}{chapter.3}% 25
\BOOKMARK [2][-]{subsection.3.2.1}{\376\377\000C\000o\000n\000s\000t\000r\000u\000c\000t\000i\000n\000g\000\040\000G\000o\000o\000d\000\040\000G\000o\000p\000p\000a\000\040\000C\000o\000d\000e\000s}{section.3.2}% 26
