\BOOKMARK [0][-]{frontpage.0}{\376\377\000F\000r\000o\000n\000t\000\040\000p\000a\000g\000e}{}% 1
\BOOKMARK [0][-]{titlepage.0}{\376\377\000T\000i\000t\000l\000e\000\040\000p\000a\000g\000e}{}% 2
\BOOKMARK [0][-]{contents.0}{\376\377\000C\000o\000n\000t\000e\000n\000t\000s}{}% 3
\BOOKMARK [0][-]{chapter.1}{\376\377\000I\000n\000t\000r\000o\000d\000u\000c\000t\000i\000o\000n}{}% 4
\BOOKMARK [0][-]{chapter.2}{\376\377\000C\000o\000d\000e\000\040\000B\000a\000s\000e\000d\000\040\000C\000r\000y\000p\000t\000o\000g\000r\000a\000p\000h\000y}{}% 5
\BOOKMARK [1][-]{section.2.1}{\376\377\000S\000y\000n\000d\000r\000o\000m\000e\000\040\000D\000e\000c\000o\000d\000i\000n\000g}{chapter.2}% 6
\BOOKMARK [1][-]{section.2.2}{\376\377\000T\000h\000e\000\040\000N\000i\000e\000d\000e\000r\000r\000e\000i\000t\000e\000r\000\040\000P\000u\000b\000l\000i\000c\000\040\000K\000e\000y\000\040\000C\000r\000y\000p\000t\000o\000s\000y\000s\000t\000e\000m}{chapter.2}% 7
\BOOKMARK [2][-]{subsection.2.2.1}{\376\377\000T\000h\000e\000\040\000E\000q\000u\000i\000v\000a\000l\000e\000n\000c\000e\000\040\000B\000e\000t\000w\000e\000e\000n\000\040\000t\000h\000e\000\040\000N\000e\000i\000d\000e\000r\000r\000e\000i\000t\000e\000r\000\040\000a\000n\000d\000\040\000t\000h\000e\000\040\000M\000c\000E\000l\000i\000c\000e\000\040\000P\000C\000K\000S}{section.2.2}% 8
\BOOKMARK [1][-]{section.2.3}{\376\377\000A\000d\000v\000a\000n\000t\000a\000g\000e\000s\000\040\000a\000n\000d\000\040\000D\000r\000a\000w\000b\000a\000c\000k\000s\000\040\000o\000f\000\040\000M\000c\000E\000l\000i\000c\000e\000\040\000a\000n\000d\000\040\000N\000e\000i\000d\000e\000r\000r\000e\000i\000t\000e\000r}{chapter.2}% 9
\BOOKMARK [1][-]{section.2.4}{\376\377\000I\000n\000f\000o\000r\000m\000a\000t\000i\000o\000n\000\040\000S\000e\000t\000s}{chapter.2}% 10
\BOOKMARK [2][-]{subsection.2.4.1}{\376\377\000A\000l\000g\000o\000r\000i\000t\000h\000m\000s\000\040\000f\000o\000r\000\040\000C\000o\000m\000p\000u\000t\000i\000n\000g\000\040\000I\000n\000f\000o\000r\000m\000a\000t\000i\000o\000n\000\040\000S\000e\000t\000s}{section.2.4}% 11
\BOOKMARK [2][-]{subsection.2.4.2}{\376\377\000I\000n\000f\000o\000r\000m\000a\000t\000i\000o\000n\000\040\000S\000e\000t\000\040\000D\000e\000c\000o\000d\000i\000n\000g}{section.2.4}% 12
\BOOKMARK [0][-]{chapter.3}{\376\377\000A\000l\000g\000e\000b\000r\000a\000i\000c\000\040\000G\000e\000o\000m\000e\000t\000r\000y\000\040\000C\000o\000d\000e\000s}{}% 13
\BOOKMARK [1][-]{section.3.1}{\376\377\000D\000i\000f\000f\000e\000r\000e\000n\000t\000i\000a\000l\000s\000\040\000o\000n\000\040\000P\000r\000o\000j\000e\000c\000t\000i\000v\000e\000\040\000A\000l\000g\000e\000b\000r\000a\000i\000c\000\040\000C\000u\000r\000v\000e\000s}{chapter.3}% 14
\BOOKMARK [2][-]{subsection.3.1.1}{\376\377\000R\000e\000s\000i\000d\000u\000e\000\040\000C\000o\000d\000e\000s}{section.3.1}% 15
\BOOKMARK [1][-]{section.3.2}{\376\377\000W\000e\000i\000r\000s\000t\000r\000a\000s\000s\000\040\000G\000a\000p\000s}{chapter.3}% 16
\BOOKMARK [0][-]{chapter.4}{\376\377\000D\000e\000c\000o\000d\000i\000n\000g\000\040\000o\000f\000\040\000A\000G\000\040\000C\000o\000d\000e\000s}{}% 17
\BOOKMARK [1][-]{section.4.1}{\376\377\000E\000r\000r\000o\000r\000\040\000C\000o\000r\000r\000e\000c\000t\000i\000n\000g\000\040\000P\000a\000i\000r\000s}{chapter.4}% 18
\BOOKMARK [1][-]{section.4.2}{\376\377\000E\000r\000r\000o\000r\000\040\000C\000o\000r\000r\000e\000c\000t\000i\000n\000g\000\040\000A\000r\000r\000a\000y\000s}{chapter.4}% 19
\BOOKMARK [0][-]{chapter.5}{\376\377\000C\000l\000a\000s\000s\000i\000c\000a\000l\000\040\000G\000o\000p\000p\000a\000\040\000C\000o\000d\000e\000s}{}% 20
\BOOKMARK [1][-]{section.5.1}{\376\377\000S\000u\000b\000f\000i\000e\000l\000d\000\040\000S\000u\000b\000c\000o\000d\000e\000s}{chapter.5}% 21
\BOOKMARK [-1][-]{section*.10}{\376\377\000A\000p\000p\000e\000n\000d\000i\000c\000e\000s}{}% 22
\BOOKMARK [0][-]{appendix.1.A}{\376\377\000N\000P\000-\000C\000o\000m\000p\000l\000e\000t\000e\000\040\000P\000r\000o\000b\000l\000e\000m\000s}{section*.10}% 23
\BOOKMARK [0][-]{appendix.1.B}{\376\377\000R\000e\000s\000u\000l\000t\000s\000\040\000f\000r\000o\000m\000\040\000P\000r\000e\000v\000i\000u\000s\000\040\000P\000r\000o\000j\000e\000c\000t\000s\000.}{section*.10}% 24
